<?xml version="1.0" encoding="UTF-8"?>
<!-- Generated by org.testng.reporters.JUnitReportReporter -->
<testsuite hostname="VAIO" failures="0" tests="1" name="Testscript.Testcase1" time="16.245" errors="0" timestamp="2023-10-27T05:48:07 PDT" skipped="0">
  <testcase classname="Testscript.Testcase1" name="testcase1" time="16.245"/>
  <system-out>
    <![CDATA[testcase 1 is pass]]>
  </system-out>
</testsuite> <!-- Testscript.Testcase1 -->
