<?xml version="1.0" encoding="UTF-8"?>
<!-- Generated by org.testng.reporters.JUnitReportReporter -->
<testsuite hostname="VAIO" failures="0" tests="1" name="datadriventesting.Parametrization" time="11.974" errors="0" timestamp="2023-10-24T19:52:26 PDT" skipped="0">
  <testcase classname="datadriventesting.Parametrization" name="Testcase" time="11.974"/>
  <system-out/>
</testsuite> <!-- datadriventesting.Parametrization -->
