<?xml version="1.0" encoding="UTF-8"?>
<!-- Generated by org.testng.reporters.JUnitReportReporter -->
<testsuite hostname="VAIO" failures="0" tests="2" name="datadriventesting.Testannotationattribute" time="0.024" errors="0" timestamp="2023-10-31T10:03:12 PDT" skipped="0">
  <testcase classname="datadriventesting.Testannotationattribute" name="login" time="0.002"/>
  <system-out/>
  <testcase classname="datadriventesting.Testannotationattribute" name="registration" time="0.022"/>
  <system-out/>
</testsuite> <!-- datadriventesting.Testannotationattribute -->
