<?xml version="1.0" encoding="UTF-8"?>
<!-- Generated by org.testng.reporters.JUnitReportReporter -->
<testsuite hostname="VAIO" failures="0" tests="1" name="datadriventesting.Working_with_SoftAssert" time="50.456" errors="0" timestamp="2023-10-25T19:25:55 PDT" skipped="0">
  <testcase classname="datadriventesting.Working_with_SoftAssert" name="Testcase01" time="50.456"/>
  <system-out/>
</testsuite> <!-- datadriventesting.Working_with_SoftAssert -->
