<?xml version="1.0" encoding="UTF-8"?>
<!-- Generated by org.testng.reporters.JUnitReportReporter -->
<testsuite hostname="VAIO" failures="0" tests="3" name="datadriventesting.WorkingwithDataprovider" time="78.098" errors="0" timestamp="2023-10-24T20:35:04 PDT" skipped="0">
  <testcase classname="datadriventesting.WorkingwithDataprovider" name="Testcase" time="20.420"/>
  <system-out/>
  <testcase classname="datadriventesting.WorkingwithDataprovider" name="Testcase" time="22.830"/>
  <system-out/>
  <testcase classname="datadriventesting.WorkingwithDataprovider" name="Testcase" time="34.848"/>
  <system-out/>
</testsuite> <!-- datadriventesting.WorkingwithDataprovider -->
