<?xml version="1.0" encoding="UTF-8"?>
<!-- Generated by org.testng.reporters.JUnitReportReporter -->
<testsuite hostname="VAIO" failures="0" tests="7" name="datadriventesting.TestAnnotation2" time="0.038" errors="0" timestamp="2023-10-19T18:29:11 PDT" skipped="0">
  <testcase classname="datadriventesting.TestAnnotation2" name="addproducttocart" time="0.020"/>
  <system-out/>
  <testcase classname="datadriventesting.TestAnnotation2" name="addproducttocart" time="0.003"/>
  <system-out/>
  <testcase classname="datadriventesting.TestAnnotation2" name="addproducttocart" time="0.002"/>
  <system-out/>
  <testcase classname="datadriventesting.TestAnnotation2" name="addproducttocart" time="0.003"/>
  <system-out/>
  <testcase classname="datadriventesting.TestAnnotation2" name="register" time="0.002"/>
  <system-out/>
  <testcase classname="datadriventesting.TestAnnotation2" name="login" time="0.003"/>
  <system-out/>
  <testcase classname="datadriventesting.TestAnnotation2" name="placeorder" time="0.005"/>
  <system-out/>
</testsuite> <!-- datadriventesting.TestAnnotation2 -->
