<?xml version="1.0" encoding="UTF-8"?>
<!-- Generated by org.testng.reporters.JUnitReportReporter -->
<testsuite hostname="VAIO" failures="0" tests="2" name="datadriventesting.TestNG" time="0.021" errors="0" timestamp="2023-10-31T10:07:48 PDT" skipped="0">
  <testcase classname="datadriventesting.TestNG" name="Testcase" time="0.013"/>
  <system-out/>
  <testcase classname="datadriventesting.TestNG" name="Testcase02" time="0.008"/>
  <system-out/>
</testsuite> <!-- datadriventesting.TestNG -->
