<?xml version="1.0" encoding="UTF-8"?>
<!-- Generated by org.testng.reporters.JUnitReportReporter -->
<testsuite hostname="VAIO" failures="0" tests="1" name="Testscript.Testcase2" time="19.988" errors="0" timestamp="2023-10-27T06:30:47 PDT" skipped="0">
  <testcase classname="Testscript.Testcase2" name="testcase2" time="19.988"/>
  <system-out/>
</testsuite> <!-- Testscript.Testcase2 -->
