<?xml version="1.0" encoding="UTF-8"?>
<!-- Generated by org.testng.reporters.JUnitReportReporter -->
<testsuite hostname="VAIO" failures="0" tests="1" name="Testscript.Testcase3" time="9.236" errors="0" timestamp="2023-10-27T06:31:31 PDT" skipped="0">
  <testcase classname="Testscript.Testcase3" name="testcase3" time="9.236"/>
  <system-out/>
</testsuite> <!-- Testscript.Testcase3 -->
